<?xml version="1.0" encoding="UTF-8"?>
<testsuites>
   <testsuite name="Fake.example" errors="0" skipped="0" tests="1" failures="0" time="0.006" timestamp="2013-05-24T10:23:58">
      <testcase classname="Fake.example" name="example" time="0" />
   </testsuite>
</testsuites>
